{"/Users/prabhuramkumar/Documents/projects/JS_2019/crypto/src/indexReducer.js": {"path":"/Users/prabhuramkumar/Documents/projects/JS_2019/crypto/src/indexReducer.js","statementMap":{"0":{"start":{"line":1,"column":21},"end":{"line":4,"column":1}},"1":{"start":{"line":6,"column":20},"end":{"line":24,"column":1}},"2":{"start":{"line":7,"column":1},"end":{"line":22,"column":5}},"3":{"start":{"line":9,"column":3},"end":{"line":12,"column":13}},"4":{"start":{"line":15,"column":3},"end":{"line":18,"column":13}},"5":{"start":{"line":21,"column":6},"end":{"line":21,"column":19}}},"fnMap":{"0":{"name":"(anonymous_0)","decl":{"start":{"line":6,"column":20},"end":{"line":6,"column":21}},"loc":{"start":{"line":6,"column":52},"end":{"line":24,"column":1}},"line":6}},"branchMap":{"0":{"loc":{"start":{"line":6,"column":21},"end":{"line":6,"column":41}},"type":"default-arg","locations":[{"start":{"line":6,"column":29},"end":{"line":6,"column":41}}],"line":6},"1":{"loc":{"start":{"line":7,"column":1},"end":{"line":22,"column":5}},"type":"switch","locations":[{"start":{"line":8,"column":2},"end":{"line":12,"column":13}},{"start":{"line":14,"column":8},"end":{"line":18,"column":13}},{"start":{"line":20,"column":2},"end":{"line":21,"column":19}}],"line":7}},"s":{"0":1,"1":1,"2":3,"3":1,"4":1,"5":1},"f":{"0":3},"b":{"0":[1],"1":[1,1,1]},"_coverageSchema":"43e27e138ebf9cfc5966b082cf9a028302ed4184","hash":"14eaf2299e2b066cdb613110adc5c852afd2c194"}
,"/Users/prabhuramkumar/Documents/projects/JS_2019/crypto/src/data/cryptoData.js": {"path":"/Users/prabhuramkumar/Documents/projects/JS_2019/crypto/src/data/cryptoData.js","statementMap":{},"fnMap":{},"branchMap":{},"s":{},"f":{},"b":{},"_coverageSchema":"43e27e138ebf9cfc5966b082cf9a028302ed4184","hash":"c4c8eb43c96285924be336cf9ee0e228932b5929"}
,"/Users/prabhuramkumar/Documents/projects/JS_2019/crypto/src/logics/currencyAnalysis.js": {"path":"/Users/prabhuramkumar/Documents/projects/JS_2019/crypto/src/logics/currencyAnalysis.js","statementMap":{"0":{"start":{"line":4,"column":1},"end":{"line":5,"column":42}},"1":{"start":{"line":5,"column":2},"end":{"line":5,"column":42}},"2":{"start":{"line":7,"column":1},"end":{"line":26,"column":2}},"3":{"start":{"line":8,"column":20},"end":{"line":8,"column":22}},"4":{"start":{"line":9,"column":2},"end":{"line":20,"column":5}},"5":{"start":{"line":10,"column":21},"end":{"line":10,"column":41}},"6":{"start":{"line":11,"column":36},"end":{"line":11,"column":58}},"7":{"start":{"line":12,"column":36},"end":{"line":12,"column":75}},"8":{"start":{"line":13,"column":27},"end":{"line":13,"column":59}},"9":{"start":{"line":14,"column":21},"end":{"line":14,"column":104}},"10":{"start":{"line":15,"column":30},"end":{"line":18,"column":5}},"11":{"start":{"line":19,"column":3},"end":{"line":19,"column":28}},"12":{"start":{"line":22,"column":2},"end":{"line":22,"column":21}},"13":{"start":{"line":25,"column":2},"end":{"line":25,"column":15}}},"fnMap":{"0":{"name":"(anonymous_0)","decl":{"start":{"line":3,"column":15},"end":{"line":3,"column":16}},"loc":{"start":{"line":3,"column":23},"end":{"line":27,"column":1}},"line":3},"1":{"name":"(anonymous_1)","decl":{"start":{"line":9,"column":25},"end":{"line":9,"column":26}},"loc":{"start":{"line":9,"column":37},"end":{"line":20,"column":3}},"line":9}},"branchMap":{"0":{"loc":{"start":{"line":4,"column":1},"end":{"line":5,"column":42}},"type":"if","locations":[{"start":{"line":4,"column":1},"end":{"line":5,"column":42}},{"start":{"line":4,"column":1},"end":{"line":5,"column":42}}],"line":4},"1":{"loc":{"start":{"line":4,"column":4},"end":{"line":4,"column":28}},"type":"binary-expr","locations":[{"start":{"line":4,"column":4},"end":{"line":4,"column":9}},{"start":{"line":4,"column":13},"end":{"line":4,"column":28}}],"line":4}},"s":{"0":7,"1":2,"2":5,"3":5,"4":5,"5":5,"6":5,"7":4,"8":4,"9":3,"10":3,"11":2,"12":2,"13":3},"f":{"0":7,"1":5},"b":{"0":[2,5],"1":[7,6]},"_coverageSchema":"43e27e138ebf9cfc5966b082cf9a028302ed4184","hash":"f9398d0674a8d151b49cdf0c9d57461777daf7e3"}
,"/Users/prabhuramkumar/Documents/projects/JS_2019/crypto/src/utils/displayUtils.js": {"path":"/Users/prabhuramkumar/Documents/projects/JS_2019/crypto/src/utils/displayUtils.js","statementMap":{"0":{"start":{"line":3,"column":22},"end":{"line":15,"column":1}},"1":{"start":{"line":4,"column":13},"end":{"line":4,"column":31}},"2":{"start":{"line":5,"column":12},"end":{"line":5,"column":30}},"3":{"start":{"line":7,"column":2},"end":{"line":8,"column":35}},"4":{"start":{"line":8,"column":3},"end":{"line":8,"column":35}},"5":{"start":{"line":10,"column":10},"end":{"line":10,"column":27}},"6":{"start":{"line":11,"column":2},"end":{"line":11,"column":25}},"7":{"start":{"line":12,"column":13},"end":{"line":12,"column":38}},"8":{"start":{"line":13,"column":16},"end":{"line":13,"column":49}},"9":{"start":{"line":14,"column":2},"end":{"line":14,"column":17}},"10":{"start":{"line":17,"column":19},"end":{"line":28,"column":1}},"11":{"start":{"line":18,"column":15},"end":{"line":18,"column":32}},"12":{"start":{"line":19,"column":16},"end":{"line":19,"column":33}},"13":{"start":{"line":20,"column":14},"end":{"line":20,"column":31}},"14":{"start":{"line":21,"column":22},"end":{"line":21,"column":46}},"15":{"start":{"line":22,"column":19},"end":{"line":22,"column":44}},"16":{"start":{"line":24,"column":2},"end":{"line":25,"column":35}},"17":{"start":{"line":25,"column":3},"end":{"line":25,"column":35}},"18":{"start":{"line":27,"column":2},"end":{"line":27,"column":17}}},"fnMap":{"0":{"name":"(anonymous_0)","decl":{"start":{"line":3,"column":22},"end":{"line":3,"column":23}},"loc":{"start":{"line":3,"column":32},"end":{"line":15,"column":1}},"line":3},"1":{"name":"(anonymous_1)","decl":{"start":{"line":17,"column":19},"end":{"line":17,"column":20}},"loc":{"start":{"line":17,"column":29},"end":{"line":28,"column":1}},"line":17}},"branchMap":{"0":{"loc":{"start":{"line":7,"column":2},"end":{"line":8,"column":35}},"type":"if","locations":[{"start":{"line":7,"column":2},"end":{"line":8,"column":35}},{"start":{"line":7,"column":2},"end":{"line":8,"column":35}}],"line":7},"1":{"loc":{"start":{"line":7,"column":5},"end":{"line":7,"column":42}},"type":"binary-expr","locations":[{"start":{"line":7,"column":5},"end":{"line":7,"column":12}},{"start":{"line":7,"column":16},"end":{"line":7,"column":22}},{"start":{"line":7,"column":26},"end":{"line":7,"column":33}},{"start":{"line":7,"column":37},"end":{"line":7,"column":42}}],"line":7},"2":{"loc":{"start":{"line":10,"column":10},"end":{"line":10,"column":27}},"type":"binary-expr","locations":[{"start":{"line":10,"column":11},"end":{"line":10,"column":20}},{"start":{"line":10,"column":25},"end":{"line":10,"column":27}}],"line":10},"3":{"loc":{"start":{"line":11,"column":6},"end":{"line":11,"column":24}},"type":"cond-expr","locations":[{"start":{"line":11,"column":16},"end":{"line":11,"column":21}},{"start":{"line":11,"column":23},"end":{"line":11,"column":24}}],"line":11},"4":{"loc":{"start":{"line":12,"column":13},"end":{"line":12,"column":38}},"type":"cond-expr","locations":[{"start":{"line":12,"column":25},"end":{"line":12,"column":30}},{"start":{"line":12,"column":33},"end":{"line":12,"column":38}}],"line":12},"5":{"loc":{"start":{"line":24,"column":2},"end":{"line":25,"column":35}},"type":"if","locations":[{"start":{"line":24,"column":2},"end":{"line":25,"column":35}},{"start":{"line":24,"column":2},"end":{"line":25,"column":35}}],"line":24}},"s":{"0":2,"1":4,"2":4,"3":4,"4":2,"5":2,"6":2,"7":2,"8":2,"9":2,"10":2,"11":3,"12":3,"13":3,"14":3,"15":3,"16":3,"17":2,"18":1},"f":{"0":4,"1":3},"b":{"0":[2,2],"1":[4,3,3,2],"2":[2,1],"3":[1,1],"4":[1,1],"5":[2,1]},"_coverageSchema":"43e27e138ebf9cfc5966b082cf9a028302ed4184","hash":"99d3623d618868876581d9ed6d75671ad4da32b4"}
,"/Users/prabhuramkumar/Documents/projects/JS_2019/crypto/src/utils/logicUtils.js": {"path":"/Users/prabhuramkumar/Documents/projects/JS_2019/crypto/src/utils/logicUtils.js","statementMap":{"0":{"start":{"line":4,"column":20},"end":{"line":6,"column":1}},"1":{"start":{"line":5,"column":1},"end":{"line":5,"column":30}},"2":{"start":{"line":8,"column":21},"end":{"line":13,"column":1}},"3":{"start":{"line":9,"column":1},"end":{"line":10,"column":34}},"4":{"start":{"line":10,"column":2},"end":{"line":10,"column":34}},"5":{"start":{"line":12,"column":1},"end":{"line":12,"column":13}},"6":{"start":{"line":15,"column":19},"end":{"line":22,"column":1}},"7":{"start":{"line":16,"column":1},"end":{"line":21,"column":4}},"8":{"start":{"line":17,"column":2},"end":{"line":18,"column":38}},"9":{"start":{"line":18,"column":3},"end":{"line":18,"column":38}},"10":{"start":{"line":20,"column":5},"end":{"line":20,"column":37}},"11":{"start":{"line":24,"column":20},"end":{"line":31,"column":1}},"12":{"start":{"line":25,"column":1},"end":{"line":30,"column":4}},"13":{"start":{"line":26,"column":2},"end":{"line":27,"column":39}},"14":{"start":{"line":27,"column":3},"end":{"line":27,"column":39}},"15":{"start":{"line":29,"column":5},"end":{"line":29,"column":63}},"16":{"start":{"line":33,"column":22},"end":{"line":53,"column":1}},"17":{"start":{"line":34,"column":20},"end":{"line":34,"column":47}},"18":{"start":{"line":35,"column":20},"end":{"line":35,"column":47}},"19":{"start":{"line":36,"column":21},"end":{"line":36,"column":40}},"20":{"start":{"line":37,"column":1},"end":{"line":38,"column":23}},"21":{"start":{"line":38,"column":2},"end":{"line":38,"column":23}},"22":{"start":{"line":40,"column":1},"end":{"line":45,"column":2}},"23":{"start":{"line":40,"column":11},"end":{"line":40,"column":12}},"24":{"start":{"line":41,"column":2},"end":{"line":44,"column":3}},"25":{"start":{"line":42,"column":3},"end":{"line":42,"column":46}},"26":{"start":{"line":43,"column":3},"end":{"line":43,"column":9}},"27":{"start":{"line":46,"column":1},"end":{"line":52,"column":5}}},"fnMap":{"0":{"name":"(anonymous_0)","decl":{"start":{"line":4,"column":20},"end":{"line":4,"column":21}},"loc":{"start":{"line":4,"column":30},"end":{"line":6,"column":1}},"line":4},"1":{"name":"(anonymous_1)","decl":{"start":{"line":8,"column":21},"end":{"line":8,"column":22}},"loc":{"start":{"line":8,"column":31},"end":{"line":13,"column":1}},"line":8},"2":{"name":"(anonymous_2)","decl":{"start":{"line":15,"column":19},"end":{"line":15,"column":20}},"loc":{"start":{"line":15,"column":31},"end":{"line":22,"column":1}},"line":15},"3":{"name":"(anonymous_3)","decl":{"start":{"line":16,"column":20},"end":{"line":16,"column":21}},"loc":{"start":{"line":16,"column":30},"end":{"line":21,"column":2}},"line":16},"4":{"name":"(anonymous_4)","decl":{"start":{"line":24,"column":20},"end":{"line":24,"column":21}},"loc":{"start":{"line":24,"column":32},"end":{"line":31,"column":1}},"line":24},"5":{"name":"(anonymous_5)","decl":{"start":{"line":25,"column":20},"end":{"line":25,"column":21}},"loc":{"start":{"line":25,"column":30},"end":{"line":30,"column":2}},"line":25},"6":{"name":"(anonymous_6)","decl":{"start":{"line":33,"column":22},"end":{"line":33,"column":23}},"loc":{"start":{"line":33,"column":94},"end":{"line":53,"column":1}},"line":33}},"branchMap":{"0":{"loc":{"start":{"line":9,"column":1},"end":{"line":10,"column":34}},"type":"if","locations":[{"start":{"line":9,"column":1},"end":{"line":10,"column":34}},{"start":{"line":9,"column":1},"end":{"line":10,"column":34}}],"line":9},"1":{"loc":{"start":{"line":17,"column":2},"end":{"line":18,"column":38}},"type":"if","locations":[{"start":{"line":17,"column":2},"end":{"line":18,"column":38}},{"start":{"line":17,"column":2},"end":{"line":18,"column":38}}],"line":17},"2":{"loc":{"start":{"line":17,"column":5},"end":{"line":17,"column":45}},"type":"binary-expr","locations":[{"start":{"line":17,"column":5},"end":{"line":17,"column":18}},{"start":{"line":17,"column":22},"end":{"line":17,"column":45}}],"line":17},"3":{"loc":{"start":{"line":20,"column":12},"end":{"line":20,"column":36}},"type":"cond-expr","locations":[{"start":{"line":20,"column":30},"end":{"line":20,"column":31}},{"start":{"line":20,"column":34},"end":{"line":20,"column":36}}],"line":20},"4":{"loc":{"start":{"line":26,"column":2},"end":{"line":27,"column":39}},"type":"if","locations":[{"start":{"line":26,"column":2},"end":{"line":27,"column":39}},{"start":{"line":26,"column":2},"end":{"line":27,"column":39}}],"line":26},"5":{"loc":{"start":{"line":29,"column":12},"end":{"line":29,"column":62}},"type":"cond-expr","locations":[{"start":{"line":29,"column":56},"end":{"line":29,"column":57}},{"start":{"line":29,"column":60},"end":{"line":29,"column":62}}],"line":29},"6":{"loc":{"start":{"line":37,"column":1},"end":{"line":38,"column":23}},"type":"if","locations":[{"start":{"line":37,"column":1},"end":{"line":38,"column":23}},{"start":{"line":37,"column":1},"end":{"line":38,"column":23}}],"line":37},"7":{"loc":{"start":{"line":41,"column":2},"end":{"line":44,"column":3}},"type":"if","locations":[{"start":{"line":41,"column":2},"end":{"line":44,"column":3}},{"start":{"line":41,"column":2},"end":{"line":44,"column":3}}],"line":41}},"s":{"0":2,"1":6,"2":2,"3":3,"4":1,"5":2,"6":2,"7":4,"8":16,"9":1,"10":15,"11":2,"12":5,"13":25,"14":1,"15":24,"16":2,"17":3,"18":3,"19":3,"20":3,"21":1,"22":2,"23":2,"24":5,"25":2,"26":2,"27":2},"f":{"0":6,"1":3,"2":4,"3":16,"4":5,"5":25,"6":3},"b":{"0":[1,2],"1":[1,15],"2":[16,15],"3":[0,15],"4":[1,24],"5":[13,11],"6":[1,2],"7":[2,3]},"_coverageSchema":"43e27e138ebf9cfc5966b082cf9a028302ed4184","hash":"3f37b3bcd2c231be43f475c326fa66664bce23c1"}
}
