TN:
SF:/Users/prabhuramkumar/Documents/projects/JS_2019/crypto/src/indexReducer.js
FN:6,(anonymous_0)
FNF:1
FNH:1
FNDA:3,(anonymous_0)
DA:1,1
DA:6,1
DA:7,3
DA:9,1
DA:15,1
DA:21,1
LF:6
LH:6
BRDA:6,0,0,1
BRDA:7,1,0,1
BRDA:7,1,1,1
BRDA:7,1,2,1
BRF:4
BRH:4
end_of_record
TN:
SF:/Users/prabhuramkumar/Documents/projects/JS_2019/crypto/src/data/cryptoData.js
FNF:0
FNH:0
LF:0
LH:0
BRF:0
BRH:0
end_of_record
TN:
SF:/Users/prabhuramkumar/Documents/projects/JS_2019/crypto/src/logics/currencyAnalysis.js
FN:3,(anonymous_0)
FN:9,(anonymous_1)
FNF:2
FNH:2
FNDA:7,(anonymous_0)
FNDA:5,(anonymous_1)
DA:4,7
DA:5,2
DA:7,5
DA:8,5
DA:9,5
DA:10,5
DA:11,5
DA:12,4
DA:13,4
DA:14,3
DA:15,3
DA:19,2
DA:22,2
DA:25,3
LF:14
LH:14
BRDA:4,0,0,2
BRDA:4,0,1,5
BRDA:4,1,0,7
BRDA:4,1,1,6
BRF:4
BRH:4
end_of_record
TN:
SF:/Users/prabhuramkumar/Documents/projects/JS_2019/crypto/src/utils/displayUtils.js
FN:3,(anonymous_0)
FN:17,(anonymous_1)
FNF:2
FNH:2
FNDA:4,(anonymous_0)
FNDA:3,(anonymous_1)
DA:3,2
DA:4,4
DA:5,4
DA:7,4
DA:8,2
DA:10,2
DA:11,2
DA:12,2
DA:13,2
DA:14,2
DA:17,2
DA:18,3
DA:19,3
DA:20,3
DA:21,3
DA:22,3
DA:24,3
DA:25,2
DA:27,1
LF:19
LH:19
BRDA:7,0,0,2
BRDA:7,0,1,2
BRDA:7,1,0,4
BRDA:7,1,1,3
BRDA:7,1,2,3
BRDA:7,1,3,2
BRDA:10,2,0,2
BRDA:10,2,1,1
BRDA:11,3,0,1
BRDA:11,3,1,1
BRDA:12,4,0,1
BRDA:12,4,1,1
BRDA:24,5,0,2
BRDA:24,5,1,1
BRF:14
BRH:14
end_of_record
TN:
SF:/Users/prabhuramkumar/Documents/projects/JS_2019/crypto/src/utils/logicUtils.js
FN:4,(anonymous_0)
FN:8,(anonymous_1)
FN:15,(anonymous_2)
FN:16,(anonymous_3)
FN:24,(anonymous_4)
FN:25,(anonymous_5)
FN:33,(anonymous_6)
FNF:7
FNH:7
FNDA:6,(anonymous_0)
FNDA:3,(anonymous_1)
FNDA:4,(anonymous_2)
FNDA:16,(anonymous_3)
FNDA:5,(anonymous_4)
FNDA:25,(anonymous_5)
FNDA:3,(anonymous_6)
DA:4,2
DA:5,6
DA:8,2
DA:9,3
DA:10,1
DA:12,2
DA:15,2
DA:16,4
DA:17,16
DA:18,1
DA:20,15
DA:24,2
DA:25,5
DA:26,25
DA:27,1
DA:29,24
DA:33,2
DA:34,3
DA:35,3
DA:36,3
DA:37,3
DA:38,1
DA:40,2
DA:41,5
DA:42,2
DA:43,2
DA:46,2
LF:27
LH:27
BRDA:9,0,0,1
BRDA:9,0,1,2
BRDA:17,1,0,1
BRDA:17,1,1,15
BRDA:17,2,0,16
BRDA:17,2,1,15
BRDA:20,3,0,0
BRDA:20,3,1,15
BRDA:26,4,0,1
BRDA:26,4,1,24
BRDA:29,5,0,13
BRDA:29,5,1,11
BRDA:37,6,0,1
BRDA:37,6,1,2
BRDA:41,7,0,2
BRDA:41,7,1,3
BRF:16
BRH:15
end_of_record
